ERROR - 2023-08-11 17:06:06 --> Error connecting to the database: mysqli_sql_exception: Nenhuma conexão pôde ser feita porque a máquina de destino as recusou ativamente.
 in C:\xampp\htdocs\erp\system\Database\MySQLi\Connection.php:174
Stack trace:
#0 C:\xampp\htdocs\erp\system\Database\MySQLi\Connection.php(174): mysqli->real_connect('127.0.0.1', 'root', '1234', 'prod', 3306, '', 0)
#1 C:\xampp\htdocs\erp\system\Database\BaseConnection.php(391): CodeIgniter\Database\MySQLi\Connection->connect(false)
#2 C:\xampp\htdocs\erp\system\Database\BaseConnection.php(573): CodeIgniter\Database\BaseConnection->initialize()
#3 C:\xampp\htdocs\erp\system\Database\BaseBuilder.php(1616): CodeIgniter\Database\BaseConnection->query('SELECT *\nFROM `...', Array, false)
#4 C:\xampp\htdocs\erp\system\Model.php(268): CodeIgniter\Database\BaseBuilder->get()
#5 C:\xampp\htdocs\erp\system\BaseModel.php(656): CodeIgniter\Model->doFirst()
#6 C:\xampp\htdocs\erp\app\Models\usuariosRepository.php(26): CodeIgniter\BaseModel->first()
#7 C:\xampp\htdocs\erp\app\Controllers\UsuarioController.php(22): App\Models\usuariosRepository->selectUsuario(Object(App\Models\entities\Usuario))
#8 C:\xampp\htdocs\erp\system\CodeIgniter.php(934): App\Controllers\UsuarioController->logar()
#9 C:\xampp\htdocs\erp\system\CodeIgniter.php(499): CodeIgniter\CodeIgniter->runController(Object(App\Controllers\UsuarioController))
#10 C:\xampp\htdocs\erp\system\CodeIgniter.php(368): CodeIgniter\CodeIgniter->handleRequest(NULL, Object(Config\Cache), false)
#11 C:\xampp\htdocs\erp\public\index.php(67): CodeIgniter\CodeIgniter->run()
#12 C:\xampp\htdocs\erp\system\Commands\Server\rewrite.php(47): require_once('C:\\xampp\\htdocs...')
#13 {main}

Next CodeIgniter\Database\Exceptions\DatabaseException: Nenhuma conexão pôde ser feita porque a máquina de destino as recusou ativamente.
 in C:\xampp\htdocs\erp\system\Database\MySQLi\Connection.php:218
Stack trace:
#0 C:\xampp\htdocs\erp\system\Database\BaseConnection.php(391): CodeIgniter\Database\MySQLi\Connection->connect(false)
#1 C:\xampp\htdocs\erp\system\Database\BaseConnection.php(573): CodeIgniter\Database\BaseConnection->initialize()
#2 C:\xampp\htdocs\erp\system\Database\BaseBuilder.php(1616): CodeIgniter\Database\BaseConnection->query('SELECT *\nFROM `...', Array, false)
#3 C:\xampp\htdocs\erp\system\Model.php(268): CodeIgniter\Database\BaseBuilder->get()
#4 C:\xampp\htdocs\erp\system\BaseModel.php(656): CodeIgniter\Model->doFirst()
#5 C:\xampp\htdocs\erp\app\Models\usuariosRepository.php(26): CodeIgniter\BaseModel->first()
#6 C:\xampp\htdocs\erp\app\Controllers\UsuarioController.php(22): App\Models\usuariosRepository->selectUsuario(Object(App\Models\entities\Usuario))
#7 C:\xampp\htdocs\erp\system\CodeIgniter.php(934): App\Controllers\UsuarioController->logar()
#8 C:\xampp\htdocs\erp\system\CodeIgniter.php(499): CodeIgniter\CodeIgniter->runController(Object(App\Controllers\UsuarioController))
#9 C:\xampp\htdocs\erp\system\CodeIgniter.php(368): CodeIgniter\CodeIgniter->handleRequest(NULL, Object(Config\Cache), false)
#10 C:\xampp\htdocs\erp\public\index.php(67): CodeIgniter\CodeIgniter->run()
#11 C:\xampp\htdocs\erp\system\Commands\Server\rewrite.php(47): require_once('C:\\xampp\\htdocs...')
#12 {main}
CRITICAL - 2023-08-11 17:06:06 --> Unable to connect to the database.
Main connection [MySQLi]: Nenhuma conexão pôde ser feita porque a máquina de destino as recusou ativamente.

in SYSTEMPATH\Database\BaseConnection.php on line 427.
 1 SYSTEMPATH\Database\BaseConnection.php(573): CodeIgniter\Database\BaseConnection->initialize()
 2 SYSTEMPATH\Database\BaseBuilder.php(1616): CodeIgniter\Database\BaseConnection->query('SELECT *
FROM `login`
WHERE `email` = :email:
AND `senha` = :senha:
 LIMIT 1', [...], false)
 3 SYSTEMPATH\Model.php(268): CodeIgniter\Database\BaseBuilder->get()
 4 SYSTEMPATH\BaseModel.php(656): CodeIgniter\Model->doFirst()
 5 APPPATH\Models\usuariosRepository.php(26): CodeIgniter\BaseModel->first()
 6 APPPATH\Controllers\UsuarioController.php(22): App\Models\usuariosRepository->selectUsuario(Object(App\Models\entities\Usuario))
 7 SYSTEMPATH\CodeIgniter.php(934): App\Controllers\UsuarioController->logar()
 8 SYSTEMPATH\CodeIgniter.php(499): CodeIgniter\CodeIgniter->runController(Object(App\Controllers\UsuarioController))
 9 SYSTEMPATH\CodeIgniter.php(368): CodeIgniter\CodeIgniter->handleRequest(null, Object(Config\Cache), false)
10 FCPATH\index.php(67): CodeIgniter\CodeIgniter->run()
11 SYSTEMPATH\Commands\Server\rewrite.php(47): require_once('FCPATH\\index.php')
ERROR - 2023-08-11 17:11:15 --> Error connecting to the database: mysqli_sql_exception: Access denied for user 'root'@'localhost' (using password: YES) in C:\xampp\htdocs\erp\system\Database\MySQLi\Connection.php:174
Stack trace:
#0 C:\xampp\htdocs\erp\system\Database\MySQLi\Connection.php(174): mysqli->real_connect('127.0.0.1', 'root', '1234', 'prod', 3306, '', 0)
#1 C:\xampp\htdocs\erp\system\Database\BaseConnection.php(391): CodeIgniter\Database\MySQLi\Connection->connect(false)
#2 C:\xampp\htdocs\erp\system\Database\BaseConnection.php(573): CodeIgniter\Database\BaseConnection->initialize()
#3 C:\xampp\htdocs\erp\system\Database\BaseBuilder.php(1616): CodeIgniter\Database\BaseConnection->query('SELECT *\nFROM `...', Array, false)
#4 C:\xampp\htdocs\erp\system\Model.php(268): CodeIgniter\Database\BaseBuilder->get()
#5 C:\xampp\htdocs\erp\system\BaseModel.php(656): CodeIgniter\Model->doFirst()
#6 C:\xampp\htdocs\erp\app\Models\usuariosRepository.php(26): CodeIgniter\BaseModel->first()
#7 C:\xampp\htdocs\erp\app\Controllers\UsuarioController.php(22): App\Models\usuariosRepository->selectUsuario(Object(App\Models\entities\Usuario))
#8 C:\xampp\htdocs\erp\system\CodeIgniter.php(934): App\Controllers\UsuarioController->logar()
#9 C:\xampp\htdocs\erp\system\CodeIgniter.php(499): CodeIgniter\CodeIgniter->runController(Object(App\Controllers\UsuarioController))
#10 C:\xampp\htdocs\erp\system\CodeIgniter.php(368): CodeIgniter\CodeIgniter->handleRequest(NULL, Object(Config\Cache), false)
#11 C:\xampp\htdocs\erp\public\index.php(67): CodeIgniter\CodeIgniter->run()
#12 C:\xampp\htdocs\erp\system\Commands\Server\rewrite.php(47): require_once('C:\\xampp\\htdocs...')
#13 {main}

Next CodeIgniter\Database\Exceptions\DatabaseException: Access denied for user '****'@'localhost' (using password: YES) in C:\xampp\htdocs\erp\system\Database\MySQLi\Connection.php:218
Stack trace:
#0 C:\xampp\htdocs\erp\system\Database\BaseConnection.php(391): CodeIgniter\Database\MySQLi\Connection->connect(false)
#1 C:\xampp\htdocs\erp\system\Database\BaseConnection.php(573): CodeIgniter\Database\BaseConnection->initialize()
#2 C:\xampp\htdocs\erp\system\Database\BaseBuilder.php(1616): CodeIgniter\Database\BaseConnection->query('SELECT *\nFROM `...', Array, false)
#3 C:\xampp\htdocs\erp\system\Model.php(268): CodeIgniter\Database\BaseBuilder->get()
#4 C:\xampp\htdocs\erp\system\BaseModel.php(656): CodeIgniter\Model->doFirst()
#5 C:\xampp\htdocs\erp\app\Models\usuariosRepository.php(26): CodeIgniter\BaseModel->first()
#6 C:\xampp\htdocs\erp\app\Controllers\UsuarioController.php(22): App\Models\usuariosRepository->selectUsuario(Object(App\Models\entities\Usuario))
#7 C:\xampp\htdocs\erp\system\CodeIgniter.php(934): App\Controllers\UsuarioController->logar()
#8 C:\xampp\htdocs\erp\system\CodeIgniter.php(499): CodeIgniter\CodeIgniter->runController(Object(App\Controllers\UsuarioController))
#9 C:\xampp\htdocs\erp\system\CodeIgniter.php(368): CodeIgniter\CodeIgniter->handleRequest(NULL, Object(Config\Cache), false)
#10 C:\xampp\htdocs\erp\public\index.php(67): CodeIgniter\CodeIgniter->run()
#11 C:\xampp\htdocs\erp\system\Commands\Server\rewrite.php(47): require_once('C:\\xampp\\htdocs...')
#12 {main}
CRITICAL - 2023-08-11 17:11:15 --> Unable to connect to the database.
Main connection [MySQLi]: Access denied for user '****'@'localhost' (using password: YES)
in SYSTEMPATH\Database\BaseConnection.php on line 427.
 1 SYSTEMPATH\Database\BaseConnection.php(573): CodeIgniter\Database\BaseConnection->initialize()
 2 SYSTEMPATH\Database\BaseBuilder.php(1616): CodeIgniter\Database\BaseConnection->query('SELECT *
FROM `login`
WHERE `email` = :email:
AND `senha` = :senha:
 LIMIT 1', [...], false)
 3 SYSTEMPATH\Model.php(268): CodeIgniter\Database\BaseBuilder->get()
 4 SYSTEMPATH\BaseModel.php(656): CodeIgniter\Model->doFirst()
 5 APPPATH\Models\usuariosRepository.php(26): CodeIgniter\BaseModel->first()
 6 APPPATH\Controllers\UsuarioController.php(22): App\Models\usuariosRepository->selectUsuario(Object(App\Models\entities\Usuario))
 7 SYSTEMPATH\CodeIgniter.php(934): App\Controllers\UsuarioController->logar()
 8 SYSTEMPATH\CodeIgniter.php(499): CodeIgniter\CodeIgniter->runController(Object(App\Controllers\UsuarioController))
 9 SYSTEMPATH\CodeIgniter.php(368): CodeIgniter\CodeIgniter->handleRequest(null, Object(Config\Cache), false)
10 FCPATH\index.php(67): CodeIgniter\CodeIgniter->run()
11 SYSTEMPATH\Commands\Server\rewrite.php(47): require_once('FCPATH\\index.php')
ERROR - 2023-08-11 17:11:42 --> Error connecting to the database: mysqli_sql_exception: Unknown database 'prod' in C:\xampp\htdocs\erp\system\Database\MySQLi\Connection.php:174
Stack trace:
#0 C:\xampp\htdocs\erp\system\Database\MySQLi\Connection.php(174): mysqli->real_connect('127.0.0.1', 'root', '', 'prod', 3306, '', 0)
#1 C:\xampp\htdocs\erp\system\Database\BaseConnection.php(391): CodeIgniter\Database\MySQLi\Connection->connect(false)
#2 C:\xampp\htdocs\erp\system\Database\BaseConnection.php(573): CodeIgniter\Database\BaseConnection->initialize()
#3 C:\xampp\htdocs\erp\system\Database\BaseBuilder.php(1616): CodeIgniter\Database\BaseConnection->query('SELECT *\nFROM `...', Array, false)
#4 C:\xampp\htdocs\erp\system\Model.php(268): CodeIgniter\Database\BaseBuilder->get()
#5 C:\xampp\htdocs\erp\system\BaseModel.php(656): CodeIgniter\Model->doFirst()
#6 C:\xampp\htdocs\erp\app\Models\usuariosRepository.php(26): CodeIgniter\BaseModel->first()
#7 C:\xampp\htdocs\erp\app\Controllers\UsuarioController.php(22): App\Models\usuariosRepository->selectUsuario(Object(App\Models\entities\Usuario))
#8 C:\xampp\htdocs\erp\system\CodeIgniter.php(934): App\Controllers\UsuarioController->logar()
#9 C:\xampp\htdocs\erp\system\CodeIgniter.php(499): CodeIgniter\CodeIgniter->runController(Object(App\Controllers\UsuarioController))
#10 C:\xampp\htdocs\erp\system\CodeIgniter.php(368): CodeIgniter\CodeIgniter->handleRequest(NULL, Object(Config\Cache), false)
#11 C:\xampp\htdocs\erp\public\index.php(67): CodeIgniter\CodeIgniter->run()
#12 C:\xampp\htdocs\erp\system\Commands\Server\rewrite.php(47): require_once('C:\\xampp\\htdocs...')
#13 {main}

Next CodeIgniter\Database\Exceptions\DatabaseException: Unknown database 'prod' in C:\xampp\htdocs\erp\system\Database\MySQLi\Connection.php:218
Stack trace:
#0 C:\xampp\htdocs\erp\system\Database\BaseConnection.php(391): CodeIgniter\Database\MySQLi\Connection->connect(false)
#1 C:\xampp\htdocs\erp\system\Database\BaseConnection.php(573): CodeIgniter\Database\BaseConnection->initialize()
#2 C:\xampp\htdocs\erp\system\Database\BaseBuilder.php(1616): CodeIgniter\Database\BaseConnection->query('SELECT *\nFROM `...', Array, false)
#3 C:\xampp\htdocs\erp\system\Model.php(268): CodeIgniter\Database\BaseBuilder->get()
#4 C:\xampp\htdocs\erp\system\BaseModel.php(656): CodeIgniter\Model->doFirst()
#5 C:\xampp\htdocs\erp\app\Models\usuariosRepository.php(26): CodeIgniter\BaseModel->first()
#6 C:\xampp\htdocs\erp\app\Controllers\UsuarioController.php(22): App\Models\usuariosRepository->selectUsuario(Object(App\Models\entities\Usuario))
#7 C:\xampp\htdocs\erp\system\CodeIgniter.php(934): App\Controllers\UsuarioController->logar()
#8 C:\xampp\htdocs\erp\system\CodeIgniter.php(499): CodeIgniter\CodeIgniter->runController(Object(App\Controllers\UsuarioController))
#9 C:\xampp\htdocs\erp\system\CodeIgniter.php(368): CodeIgniter\CodeIgniter->handleRequest(NULL, Object(Config\Cache), false)
#10 C:\xampp\htdocs\erp\public\index.php(67): CodeIgniter\CodeIgniter->run()
#11 C:\xampp\htdocs\erp\system\Commands\Server\rewrite.php(47): require_once('C:\\xampp\\htdocs...')
#12 {main}
CRITICAL - 2023-08-11 17:11:42 --> Unable to connect to the database.
Main connection [MySQLi]: Unknown database 'prod'
in SYSTEMPATH\Database\BaseConnection.php on line 427.
 1 SYSTEMPATH\Database\BaseConnection.php(573): CodeIgniter\Database\BaseConnection->initialize()
 2 SYSTEMPATH\Database\BaseBuilder.php(1616): CodeIgniter\Database\BaseConnection->query('SELECT *
FROM `login`
WHERE `email` = :email:
AND `senha` = :senha:
 LIMIT 1', [...], false)
 3 SYSTEMPATH\Model.php(268): CodeIgniter\Database\BaseBuilder->get()
 4 SYSTEMPATH\BaseModel.php(656): CodeIgniter\Model->doFirst()
 5 APPPATH\Models\usuariosRepository.php(26): CodeIgniter\BaseModel->first()
 6 APPPATH\Controllers\UsuarioController.php(22): App\Models\usuariosRepository->selectUsuario(Object(App\Models\entities\Usuario))
 7 SYSTEMPATH\CodeIgniter.php(934): App\Controllers\UsuarioController->logar()
 8 SYSTEMPATH\CodeIgniter.php(499): CodeIgniter\CodeIgniter->runController(Object(App\Controllers\UsuarioController))
 9 SYSTEMPATH\CodeIgniter.php(368): CodeIgniter\CodeIgniter->handleRequest(null, Object(Config\Cache), false)
10 FCPATH\index.php(67): CodeIgniter\CodeIgniter->run()
11 SYSTEMPATH\Commands\Server\rewrite.php(47): require_once('FCPATH\\index.php')
ERROR - 2023-08-11 17:13:04 --> mysqli_sql_exception: Table 'prod.login' doesn't exist in C:\xampp\htdocs\erp\system\Database\MySQLi\Connection.php:295
Stack trace:
#0 C:\xampp\htdocs\erp\system\Database\MySQLi\Connection.php(295): mysqli->query('SELECT *\nFROM `...', 0)
#1 C:\xampp\htdocs\erp\system\Database\BaseConnection.php(691): CodeIgniter\Database\MySQLi\Connection->execute('SELECT *\nFROM `...')
#2 C:\xampp\htdocs\erp\system\Database\BaseConnection.php(605): CodeIgniter\Database\BaseConnection->simpleQuery('SELECT *\nFROM `...')
#3 C:\xampp\htdocs\erp\system\Database\BaseBuilder.php(1616): CodeIgniter\Database\BaseConnection->query('SELECT *\nFROM `...', Array, false)
#4 C:\xampp\htdocs\erp\system\Model.php(268): CodeIgniter\Database\BaseBuilder->get()
#5 C:\xampp\htdocs\erp\system\BaseModel.php(656): CodeIgniter\Model->doFirst()
#6 C:\xampp\htdocs\erp\app\Models\usuariosRepository.php(26): CodeIgniter\BaseModel->first()
#7 C:\xampp\htdocs\erp\app\Controllers\UsuarioController.php(22): App\Models\usuariosRepository->selectUsuario(Object(App\Models\entities\Usuario))
#8 C:\xampp\htdocs\erp\system\CodeIgniter.php(934): App\Controllers\UsuarioController->logar()
#9 C:\xampp\htdocs\erp\system\CodeIgniter.php(499): CodeIgniter\CodeIgniter->runController(Object(App\Controllers\UsuarioController))
#10 C:\xampp\htdocs\erp\system\CodeIgniter.php(368): CodeIgniter\CodeIgniter->handleRequest(NULL, Object(Config\Cache), false)
#11 C:\xampp\htdocs\erp\public\index.php(67): CodeIgniter\CodeIgniter->run()
#12 C:\xampp\htdocs\erp\system\Commands\Server\rewrite.php(47): require_once('C:\\xampp\\htdocs...')
#13 {main}
CRITICAL - 2023-08-11 17:13:04 --> Table 'prod.login' doesn't exist
in SYSTEMPATH\Database\BaseConnection.php on line 645.
 1 SYSTEMPATH\Database\BaseBuilder.php(1616): CodeIgniter\Database\BaseConnection->query('SELECT *
FROM `login`
WHERE `email` = :email:
AND `senha` = :senha:
 LIMIT 1', [...], false)
 2 SYSTEMPATH\Model.php(268): CodeIgniter\Database\BaseBuilder->get()
 3 SYSTEMPATH\BaseModel.php(656): CodeIgniter\Model->doFirst()
 4 APPPATH\Models\usuariosRepository.php(26): CodeIgniter\BaseModel->first()
 5 APPPATH\Controllers\UsuarioController.php(22): App\Models\usuariosRepository->selectUsuario(Object(App\Models\entities\Usuario))
 6 SYSTEMPATH\CodeIgniter.php(934): App\Controllers\UsuarioController->logar()
 7 SYSTEMPATH\CodeIgniter.php(499): CodeIgniter\CodeIgniter->runController(Object(App\Controllers\UsuarioController))
 8 SYSTEMPATH\CodeIgniter.php(368): CodeIgniter\CodeIgniter->handleRequest(null, Object(Config\Cache), false)
 9 FCPATH\index.php(67): CodeIgniter\CodeIgniter->run()
10 SYSTEMPATH\Commands\Server\rewrite.php(47): require_once('FCPATH\\index.php')
ERROR - 2023-08-11 17:13:35 --> mysqli_sql_exception: Table 'prod.login' doesn't exist in C:\xampp\htdocs\erp\system\Database\MySQLi\Connection.php:295
Stack trace:
#0 C:\xampp\htdocs\erp\system\Database\MySQLi\Connection.php(295): mysqli->query('SELECT *\nFROM `...', 0)
#1 C:\xampp\htdocs\erp\system\Database\BaseConnection.php(691): CodeIgniter\Database\MySQLi\Connection->execute('SELECT *\nFROM `...')
#2 C:\xampp\htdocs\erp\system\Database\BaseConnection.php(605): CodeIgniter\Database\BaseConnection->simpleQuery('SELECT *\nFROM `...')
#3 C:\xampp\htdocs\erp\system\Database\BaseBuilder.php(1616): CodeIgniter\Database\BaseConnection->query('SELECT *\nFROM `...', Array, false)
#4 C:\xampp\htdocs\erp\system\Model.php(268): CodeIgniter\Database\BaseBuilder->get()
#5 C:\xampp\htdocs\erp\system\BaseModel.php(656): CodeIgniter\Model->doFirst()
#6 C:\xampp\htdocs\erp\app\Models\usuariosRepository.php(26): CodeIgniter\BaseModel->first()
#7 C:\xampp\htdocs\erp\app\Controllers\UsuarioController.php(22): App\Models\usuariosRepository->selectUsuario(Object(App\Models\entities\Usuario))
#8 C:\xampp\htdocs\erp\system\CodeIgniter.php(934): App\Controllers\UsuarioController->logar()
#9 C:\xampp\htdocs\erp\system\CodeIgniter.php(499): CodeIgniter\CodeIgniter->runController(Object(App\Controllers\UsuarioController))
#10 C:\xampp\htdocs\erp\system\CodeIgniter.php(368): CodeIgniter\CodeIgniter->handleRequest(NULL, Object(Config\Cache), false)
#11 C:\xampp\htdocs\erp\public\index.php(67): CodeIgniter\CodeIgniter->run()
#12 C:\xampp\htdocs\erp\system\Commands\Server\rewrite.php(47): require_once('C:\\xampp\\htdocs...')
#13 {main}
CRITICAL - 2023-08-11 17:13:35 --> Table 'prod.login' doesn't exist
in SYSTEMPATH\Database\BaseConnection.php on line 645.
 1 SYSTEMPATH\Database\BaseBuilder.php(1616): CodeIgniter\Database\BaseConnection->query('SELECT *
FROM `login`
WHERE `email` = :email:
AND `senha` = :senha:
 LIMIT 1', [...], false)
 2 SYSTEMPATH\Model.php(268): CodeIgniter\Database\BaseBuilder->get()
 3 SYSTEMPATH\BaseModel.php(656): CodeIgniter\Model->doFirst()
 4 APPPATH\Models\usuariosRepository.php(26): CodeIgniter\BaseModel->first()
 5 APPPATH\Controllers\UsuarioController.php(22): App\Models\usuariosRepository->selectUsuario(Object(App\Models\entities\Usuario))
 6 SYSTEMPATH\CodeIgniter.php(934): App\Controllers\UsuarioController->logar()
 7 SYSTEMPATH\CodeIgniter.php(499): CodeIgniter\CodeIgniter->runController(Object(App\Controllers\UsuarioController))
 8 SYSTEMPATH\CodeIgniter.php(368): CodeIgniter\CodeIgniter->handleRequest(null, Object(Config\Cache), false)
 9 FCPATH\index.php(67): CodeIgniter\CodeIgniter->run()
10 SYSTEMPATH\Commands\Server\rewrite.php(47): require_once('FCPATH\\index.php')
ERROR - 2023-08-11 17:13:37 --> mysqli_sql_exception: Table 'prod.login' doesn't exist in C:\xampp\htdocs\erp\system\Database\MySQLi\Connection.php:295
Stack trace:
#0 C:\xampp\htdocs\erp\system\Database\MySQLi\Connection.php(295): mysqli->query('SELECT *\nFROM `...', 0)
#1 C:\xampp\htdocs\erp\system\Database\BaseConnection.php(691): CodeIgniter\Database\MySQLi\Connection->execute('SELECT *\nFROM `...')
#2 C:\xampp\htdocs\erp\system\Database\BaseConnection.php(605): CodeIgniter\Database\BaseConnection->simpleQuery('SELECT *\nFROM `...')
#3 C:\xampp\htdocs\erp\system\Database\BaseBuilder.php(1616): CodeIgniter\Database\BaseConnection->query('SELECT *\nFROM `...', Array, false)
#4 C:\xampp\htdocs\erp\system\Model.php(268): CodeIgniter\Database\BaseBuilder->get()
#5 C:\xampp\htdocs\erp\system\BaseModel.php(656): CodeIgniter\Model->doFirst()
#6 C:\xampp\htdocs\erp\app\Models\usuariosRepository.php(26): CodeIgniter\BaseModel->first()
#7 C:\xampp\htdocs\erp\app\Controllers\UsuarioController.php(22): App\Models\usuariosRepository->selectUsuario(Object(App\Models\entities\Usuario))
#8 C:\xampp\htdocs\erp\system\CodeIgniter.php(934): App\Controllers\UsuarioController->logar()
#9 C:\xampp\htdocs\erp\system\CodeIgniter.php(499): CodeIgniter\CodeIgniter->runController(Object(App\Controllers\UsuarioController))
#10 C:\xampp\htdocs\erp\system\CodeIgniter.php(368): CodeIgniter\CodeIgniter->handleRequest(NULL, Object(Config\Cache), false)
#11 C:\xampp\htdocs\erp\public\index.php(67): CodeIgniter\CodeIgniter->run()
#12 C:\xampp\htdocs\erp\system\Commands\Server\rewrite.php(47): require_once('C:\\xampp\\htdocs...')
#13 {main}
CRITICAL - 2023-08-11 17:13:37 --> Table 'prod.login' doesn't exist
in SYSTEMPATH\Database\BaseConnection.php on line 645.
 1 SYSTEMPATH\Database\BaseBuilder.php(1616): CodeIgniter\Database\BaseConnection->query('SELECT *
FROM `login`
WHERE `email` = :email:
AND `senha` = :senha:
 LIMIT 1', [...], false)
 2 SYSTEMPATH\Model.php(268): CodeIgniter\Database\BaseBuilder->get()
 3 SYSTEMPATH\BaseModel.php(656): CodeIgniter\Model->doFirst()
 4 APPPATH\Models\usuariosRepository.php(26): CodeIgniter\BaseModel->first()
 5 APPPATH\Controllers\UsuarioController.php(22): App\Models\usuariosRepository->selectUsuario(Object(App\Models\entities\Usuario))
 6 SYSTEMPATH\CodeIgniter.php(934): App\Controllers\UsuarioController->logar()
 7 SYSTEMPATH\CodeIgniter.php(499): CodeIgniter\CodeIgniter->runController(Object(App\Controllers\UsuarioController))
 8 SYSTEMPATH\CodeIgniter.php(368): CodeIgniter\CodeIgniter->handleRequest(null, Object(Config\Cache), false)
 9 FCPATH\index.php(67): CodeIgniter\CodeIgniter->run()
10 SYSTEMPATH\Commands\Server\rewrite.php(47): require_once('FCPATH\\index.php')
ERROR - 2023-08-11 17:13:38 --> mysqli_sql_exception: Table 'prod.login' doesn't exist in C:\xampp\htdocs\erp\system\Database\MySQLi\Connection.php:295
Stack trace:
#0 C:\xampp\htdocs\erp\system\Database\MySQLi\Connection.php(295): mysqli->query('SELECT *\nFROM `...', 0)
#1 C:\xampp\htdocs\erp\system\Database\BaseConnection.php(691): CodeIgniter\Database\MySQLi\Connection->execute('SELECT *\nFROM `...')
#2 C:\xampp\htdocs\erp\system\Database\BaseConnection.php(605): CodeIgniter\Database\BaseConnection->simpleQuery('SELECT *\nFROM `...')
#3 C:\xampp\htdocs\erp\system\Database\BaseBuilder.php(1616): CodeIgniter\Database\BaseConnection->query('SELECT *\nFROM `...', Array, false)
#4 C:\xampp\htdocs\erp\system\Model.php(268): CodeIgniter\Database\BaseBuilder->get()
#5 C:\xampp\htdocs\erp\system\BaseModel.php(656): CodeIgniter\Model->doFirst()
#6 C:\xampp\htdocs\erp\app\Models\usuariosRepository.php(26): CodeIgniter\BaseModel->first()
#7 C:\xampp\htdocs\erp\app\Controllers\UsuarioController.php(22): App\Models\usuariosRepository->selectUsuario(Object(App\Models\entities\Usuario))
#8 C:\xampp\htdocs\erp\system\CodeIgniter.php(934): App\Controllers\UsuarioController->logar()
#9 C:\xampp\htdocs\erp\system\CodeIgniter.php(499): CodeIgniter\CodeIgniter->runController(Object(App\Controllers\UsuarioController))
#10 C:\xampp\htdocs\erp\system\CodeIgniter.php(368): CodeIgniter\CodeIgniter->handleRequest(NULL, Object(Config\Cache), false)
#11 C:\xampp\htdocs\erp\public\index.php(67): CodeIgniter\CodeIgniter->run()
#12 C:\xampp\htdocs\erp\system\Commands\Server\rewrite.php(47): require_once('C:\\xampp\\htdocs...')
#13 {main}
CRITICAL - 2023-08-11 17:13:38 --> Table 'prod.login' doesn't exist
in SYSTEMPATH\Database\BaseConnection.php on line 645.
 1 SYSTEMPATH\Database\BaseBuilder.php(1616): CodeIgniter\Database\BaseConnection->query('SELECT *
FROM `login`
WHERE `email` = :email:
AND `senha` = :senha:
 LIMIT 1', [...], false)
 2 SYSTEMPATH\Model.php(268): CodeIgniter\Database\BaseBuilder->get()
 3 SYSTEMPATH\BaseModel.php(656): CodeIgniter\Model->doFirst()
 4 APPPATH\Models\usuariosRepository.php(26): CodeIgniter\BaseModel->first()
 5 APPPATH\Controllers\UsuarioController.php(22): App\Models\usuariosRepository->selectUsuario(Object(App\Models\entities\Usuario))
 6 SYSTEMPATH\CodeIgniter.php(934): App\Controllers\UsuarioController->logar()
 7 SYSTEMPATH\CodeIgniter.php(499): CodeIgniter\CodeIgniter->runController(Object(App\Controllers\UsuarioController))
 8 SYSTEMPATH\CodeIgniter.php(368): CodeIgniter\CodeIgniter->handleRequest(null, Object(Config\Cache), false)
 9 FCPATH\index.php(67): CodeIgniter\CodeIgniter->run()
10 SYSTEMPATH\Commands\Server\rewrite.php(47): require_once('FCPATH\\index.php')
ERROR - 2023-08-11 17:13:39 --> mysqli_sql_exception: Table 'prod.login' doesn't exist in C:\xampp\htdocs\erp\system\Database\MySQLi\Connection.php:295
Stack trace:
#0 C:\xampp\htdocs\erp\system\Database\MySQLi\Connection.php(295): mysqli->query('SELECT *\nFROM `...', 0)
#1 C:\xampp\htdocs\erp\system\Database\BaseConnection.php(691): CodeIgniter\Database\MySQLi\Connection->execute('SELECT *\nFROM `...')
#2 C:\xampp\htdocs\erp\system\Database\BaseConnection.php(605): CodeIgniter\Database\BaseConnection->simpleQuery('SELECT *\nFROM `...')
#3 C:\xampp\htdocs\erp\system\Database\BaseBuilder.php(1616): CodeIgniter\Database\BaseConnection->query('SELECT *\nFROM `...', Array, false)
#4 C:\xampp\htdocs\erp\system\Model.php(268): CodeIgniter\Database\BaseBuilder->get()
#5 C:\xampp\htdocs\erp\system\BaseModel.php(656): CodeIgniter\Model->doFirst()
#6 C:\xampp\htdocs\erp\app\Models\usuariosRepository.php(26): CodeIgniter\BaseModel->first()
#7 C:\xampp\htdocs\erp\app\Controllers\UsuarioController.php(22): App\Models\usuariosRepository->selectUsuario(Object(App\Models\entities\Usuario))
#8 C:\xampp\htdocs\erp\system\CodeIgniter.php(934): App\Controllers\UsuarioController->logar()
#9 C:\xampp\htdocs\erp\system\CodeIgniter.php(499): CodeIgniter\CodeIgniter->runController(Object(App\Controllers\UsuarioController))
#10 C:\xampp\htdocs\erp\system\CodeIgniter.php(368): CodeIgniter\CodeIgniter->handleRequest(NULL, Object(Config\Cache), false)
#11 C:\xampp\htdocs\erp\public\index.php(67): CodeIgniter\CodeIgniter->run()
#12 C:\xampp\htdocs\erp\system\Commands\Server\rewrite.php(47): require_once('C:\\xampp\\htdocs...')
#13 {main}
CRITICAL - 2023-08-11 17:13:39 --> Table 'prod.login' doesn't exist
in SYSTEMPATH\Database\BaseConnection.php on line 645.
 1 SYSTEMPATH\Database\BaseBuilder.php(1616): CodeIgniter\Database\BaseConnection->query('SELECT *
FROM `login`
WHERE `email` = :email:
AND `senha` = :senha:
 LIMIT 1', [...], false)
 2 SYSTEMPATH\Model.php(268): CodeIgniter\Database\BaseBuilder->get()
 3 SYSTEMPATH\BaseModel.php(656): CodeIgniter\Model->doFirst()
 4 APPPATH\Models\usuariosRepository.php(26): CodeIgniter\BaseModel->first()
 5 APPPATH\Controllers\UsuarioController.php(22): App\Models\usuariosRepository->selectUsuario(Object(App\Models\entities\Usuario))
 6 SYSTEMPATH\CodeIgniter.php(934): App\Controllers\UsuarioController->logar()
 7 SYSTEMPATH\CodeIgniter.php(499): CodeIgniter\CodeIgniter->runController(Object(App\Controllers\UsuarioController))
 8 SYSTEMPATH\CodeIgniter.php(368): CodeIgniter\CodeIgniter->handleRequest(null, Object(Config\Cache), false)
 9 FCPATH\index.php(67): CodeIgniter\CodeIgniter->run()
10 SYSTEMPATH\Commands\Server\rewrite.php(47): require_once('FCPATH\\index.php')
ERROR - 2023-08-11 17:17:59 --> mysqli_sql_exception: Table 'prod.mercadoria' doesn't exist in C:\xampp\htdocs\erp\system\Database\MySQLi\Connection.php:295
Stack trace:
#0 C:\xampp\htdocs\erp\system\Database\MySQLi\Connection.php(295): mysqli->query('SELECT *\nFROM `...', 0)
#1 C:\xampp\htdocs\erp\system\Database\BaseConnection.php(691): CodeIgniter\Database\MySQLi\Connection->execute('SELECT *\nFROM `...')
#2 C:\xampp\htdocs\erp\system\Database\BaseConnection.php(605): CodeIgniter\Database\BaseConnection->simpleQuery('SELECT *\nFROM `...')
#3 C:\xampp\htdocs\erp\system\Database\BaseBuilder.php(1616): CodeIgniter\Database\BaseConnection->query('SELECT *\nFROM `...', Array, false)
#4 C:\xampp\htdocs\erp\system\Model.php(241): CodeIgniter\Database\BaseBuilder->get()
#5 C:\xampp\htdocs\erp\system\BaseModel.php(618): CodeIgniter\Model->doFindAll(0, 0)
#6 C:\xampp\htdocs\erp\app\Models\MercadoriaRepository.php(32): CodeIgniter\BaseModel->findAll()
#7 C:\xampp\htdocs\erp\app\Views\dashboard.php(117): App\Models\MercadoriaRepository->listarMercadoria()
#8 C:\xampp\htdocs\erp\system\View\View.php(213): include('C:\\xampp\\htdocs...')
#9 C:\xampp\htdocs\erp\system\View\View.php(216): CodeIgniter\View\View->CodeIgniter\View\{closure}()
#10 C:\xampp\htdocs\erp\system\Common.php(1184): CodeIgniter\View\View->render('dashboard', Array, true)
#11 C:\xampp\htdocs\erp\app\Controllers\DashboardController.php(11): view('dashboard')
#12 C:\xampp\htdocs\erp\system\CodeIgniter.php(934): App\Controllers\DashboardController->index()
#13 C:\xampp\htdocs\erp\system\CodeIgniter.php(499): CodeIgniter\CodeIgniter->runController(Object(App\Controllers\DashboardController))
#14 C:\xampp\htdocs\erp\system\CodeIgniter.php(368): CodeIgniter\CodeIgniter->handleRequest(NULL, Object(Config\Cache), false)
#15 C:\xampp\htdocs\erp\public\index.php(67): CodeIgniter\CodeIgniter->run()
#16 C:\xampp\htdocs\erp\system\Commands\Server\rewrite.php(47): require_once('C:\\xampp\\htdocs...')
#17 {main}
CRITICAL - 2023-08-11 17:18:00 --> Table 'prod.mercadoria' doesn't exist
in SYSTEMPATH\Database\BaseConnection.php on line 645.
 1 SYSTEMPATH\Database\BaseBuilder.php(1616): CodeIgniter\Database\BaseConnection->query('SELECT *
FROM `mercadoria`', [], false)
 2 SYSTEMPATH\Model.php(241): CodeIgniter\Database\BaseBuilder->get()
 3 SYSTEMPATH\BaseModel.php(618): CodeIgniter\Model->doFindAll(0, 0)
 4 APPPATH\Models\MercadoriaRepository.php(32): CodeIgniter\BaseModel->findAll()
 5 APPPATH\Views\dashboard.php(117): App\Models\MercadoriaRepository->listarMercadoria()
 6 SYSTEMPATH\View\View.php(213): include('APPPATH\\Views\\dashboard.php')
 7 SYSTEMPATH\View\View.php(216): CodeIgniter\View\View->CodeIgniter\View\{closure}()
 8 SYSTEMPATH\Common.php(1184): CodeIgniter\View\View->render('dashboard', [], true)
 9 APPPATH\Controllers\DashboardController.php(11): view('dashboard')
10 SYSTEMPATH\CodeIgniter.php(934): App\Controllers\DashboardController->index()
11 SYSTEMPATH\CodeIgniter.php(499): CodeIgniter\CodeIgniter->runController(Object(App\Controllers\DashboardController))
12 SYSTEMPATH\CodeIgniter.php(368): CodeIgniter\CodeIgniter->handleRequest(null, Object(Config\Cache), false)
13 FCPATH\index.php(67): CodeIgniter\CodeIgniter->run()
14 SYSTEMPATH\Commands\Server\rewrite.php(47): require_once('FCPATH\\index.php')
ERROR - 2023-08-11 17:18:03 --> mysqli_sql_exception: Table 'prod.mercadoria' doesn't exist in C:\xampp\htdocs\erp\system\Database\MySQLi\Connection.php:295
Stack trace:
#0 C:\xampp\htdocs\erp\system\Database\MySQLi\Connection.php(295): mysqli->query('SELECT *\nFROM `...', 0)
#1 C:\xampp\htdocs\erp\system\Database\BaseConnection.php(691): CodeIgniter\Database\MySQLi\Connection->execute('SELECT *\nFROM `...')
#2 C:\xampp\htdocs\erp\system\Database\BaseConnection.php(605): CodeIgniter\Database\BaseConnection->simpleQuery('SELECT *\nFROM `...')
#3 C:\xampp\htdocs\erp\system\Database\BaseBuilder.php(1616): CodeIgniter\Database\BaseConnection->query('SELECT *\nFROM `...', Array, false)
#4 C:\xampp\htdocs\erp\system\Model.php(241): CodeIgniter\Database\BaseBuilder->get()
#5 C:\xampp\htdocs\erp\system\BaseModel.php(618): CodeIgniter\Model->doFindAll(0, 0)
#6 C:\xampp\htdocs\erp\app\Models\MercadoriaRepository.php(32): CodeIgniter\BaseModel->findAll()
#7 C:\xampp\htdocs\erp\app\Views\dashboard.php(117): App\Models\MercadoriaRepository->listarMercadoria()
#8 C:\xampp\htdocs\erp\system\View\View.php(213): include('C:\\xampp\\htdocs...')
#9 C:\xampp\htdocs\erp\system\View\View.php(216): CodeIgniter\View\View->CodeIgniter\View\{closure}()
#10 C:\xampp\htdocs\erp\system\Common.php(1184): CodeIgniter\View\View->render('dashboard', Array, true)
#11 C:\xampp\htdocs\erp\app\Controllers\DashboardController.php(11): view('dashboard')
#12 C:\xampp\htdocs\erp\system\CodeIgniter.php(934): App\Controllers\DashboardController->index()
#13 C:\xampp\htdocs\erp\system\CodeIgniter.php(499): CodeIgniter\CodeIgniter->runController(Object(App\Controllers\DashboardController))
#14 C:\xampp\htdocs\erp\system\CodeIgniter.php(368): CodeIgniter\CodeIgniter->handleRequest(NULL, Object(Config\Cache), false)
#15 C:\xampp\htdocs\erp\public\index.php(67): CodeIgniter\CodeIgniter->run()
#16 C:\xampp\htdocs\erp\system\Commands\Server\rewrite.php(47): require_once('C:\\xampp\\htdocs...')
#17 {main}
CRITICAL - 2023-08-11 17:18:03 --> Table 'prod.mercadoria' doesn't exist
in SYSTEMPATH\Database\BaseConnection.php on line 645.
 1 SYSTEMPATH\Database\BaseBuilder.php(1616): CodeIgniter\Database\BaseConnection->query('SELECT *
FROM `mercadoria`', [], false)
 2 SYSTEMPATH\Model.php(241): CodeIgniter\Database\BaseBuilder->get()
 3 SYSTEMPATH\BaseModel.php(618): CodeIgniter\Model->doFindAll(0, 0)
 4 APPPATH\Models\MercadoriaRepository.php(32): CodeIgniter\BaseModel->findAll()
 5 APPPATH\Views\dashboard.php(117): App\Models\MercadoriaRepository->listarMercadoria()
 6 SYSTEMPATH\View\View.php(213): include('APPPATH\\Views\\dashboard.php')
 7 SYSTEMPATH\View\View.php(216): CodeIgniter\View\View->CodeIgniter\View\{closure}()
 8 SYSTEMPATH\Common.php(1184): CodeIgniter\View\View->render('dashboard', [], true)
 9 APPPATH\Controllers\DashboardController.php(11): view('dashboard')
10 SYSTEMPATH\CodeIgniter.php(934): App\Controllers\DashboardController->index()
11 SYSTEMPATH\CodeIgniter.php(499): CodeIgniter\CodeIgniter->runController(Object(App\Controllers\DashboardController))
12 SYSTEMPATH\CodeIgniter.php(368): CodeIgniter\CodeIgniter->handleRequest(null, Object(Config\Cache), false)
13 FCPATH\index.php(67): CodeIgniter\CodeIgniter->run()
14 SYSTEMPATH\Commands\Server\rewrite.php(47): require_once('FCPATH\\index.php')
ERROR - 2023-08-11 17:20:47 --> mysqli_sql_exception: Table 'prod.mercadoria' doesn't exist in C:\xampp\htdocs\erp\system\Database\MySQLi\Connection.php:295
Stack trace:
#0 C:\xampp\htdocs\erp\system\Database\MySQLi\Connection.php(295): mysqli->query('SELECT *\nFROM `...', 0)
#1 C:\xampp\htdocs\erp\system\Database\BaseConnection.php(691): CodeIgniter\Database\MySQLi\Connection->execute('SELECT *\nFROM `...')
#2 C:\xampp\htdocs\erp\system\Database\BaseConnection.php(605): CodeIgniter\Database\BaseConnection->simpleQuery('SELECT *\nFROM `...')
#3 C:\xampp\htdocs\erp\system\Database\BaseBuilder.php(1616): CodeIgniter\Database\BaseConnection->query('SELECT *\nFROM `...', Array, false)
#4 C:\xampp\htdocs\erp\system\Model.php(241): CodeIgniter\Database\BaseBuilder->get()
#5 C:\xampp\htdocs\erp\system\BaseModel.php(618): CodeIgniter\Model->doFindAll(0, 0)
#6 C:\xampp\htdocs\erp\app\Models\MercadoriaRepository.php(32): CodeIgniter\BaseModel->findAll()
#7 C:\xampp\htdocs\erp\app\Views\dashboard.php(117): App\Models\MercadoriaRepository->listarMercadoria()
#8 C:\xampp\htdocs\erp\system\View\View.php(213): include('C:\\xampp\\htdocs...')
#9 C:\xampp\htdocs\erp\system\View\View.php(216): CodeIgniter\View\View->CodeIgniter\View\{closure}()
#10 C:\xampp\htdocs\erp\system\Common.php(1184): CodeIgniter\View\View->render('dashboard', Array, true)
#11 C:\xampp\htdocs\erp\app\Controllers\DashboardController.php(11): view('dashboard')
#12 C:\xampp\htdocs\erp\system\CodeIgniter.php(934): App\Controllers\DashboardController->index()
#13 C:\xampp\htdocs\erp\system\CodeIgniter.php(499): CodeIgniter\CodeIgniter->runController(Object(App\Controllers\DashboardController))
#14 C:\xampp\htdocs\erp\system\CodeIgniter.php(368): CodeIgniter\CodeIgniter->handleRequest(NULL, Object(Config\Cache), false)
#15 C:\xampp\htdocs\erp\public\index.php(67): CodeIgniter\CodeIgniter->run()
#16 C:\xampp\htdocs\erp\system\Commands\Server\rewrite.php(47): require_once('C:\\xampp\\htdocs...')
#17 {main}
CRITICAL - 2023-08-11 17:20:47 --> Table 'prod.mercadoria' doesn't exist
in SYSTEMPATH\Database\BaseConnection.php on line 645.
 1 SYSTEMPATH\Database\BaseBuilder.php(1616): CodeIgniter\Database\BaseConnection->query('SELECT *
FROM `mercadoria`', [], false)
 2 SYSTEMPATH\Model.php(241): CodeIgniter\Database\BaseBuilder->get()
 3 SYSTEMPATH\BaseModel.php(618): CodeIgniter\Model->doFindAll(0, 0)
 4 APPPATH\Models\MercadoriaRepository.php(32): CodeIgniter\BaseModel->findAll()
 5 APPPATH\Views\dashboard.php(117): App\Models\MercadoriaRepository->listarMercadoria()
 6 SYSTEMPATH\View\View.php(213): include('APPPATH\\Views\\dashboard.php')
 7 SYSTEMPATH\View\View.php(216): CodeIgniter\View\View->CodeIgniter\View\{closure}()
 8 SYSTEMPATH\Common.php(1184): CodeIgniter\View\View->render('dashboard', [], true)
 9 APPPATH\Controllers\DashboardController.php(11): view('dashboard')
10 SYSTEMPATH\CodeIgniter.php(934): App\Controllers\DashboardController->index()
11 SYSTEMPATH\CodeIgniter.php(499): CodeIgniter\CodeIgniter->runController(Object(App\Controllers\DashboardController))
12 SYSTEMPATH\CodeIgniter.php(368): CodeIgniter\CodeIgniter->handleRequest(null, Object(Config\Cache), false)
13 FCPATH\index.php(67): CodeIgniter\CodeIgniter->run()
14 SYSTEMPATH\Commands\Server\rewrite.php(47): require_once('FCPATH\\index.php')
ERROR - 2023-08-11 17:20:49 --> mysqli_sql_exception: Table 'prod.mercadoria' doesn't exist in C:\xampp\htdocs\erp\system\Database\MySQLi\Connection.php:295
Stack trace:
#0 C:\xampp\htdocs\erp\system\Database\MySQLi\Connection.php(295): mysqli->query('SELECT *\nFROM `...', 0)
#1 C:\xampp\htdocs\erp\system\Database\BaseConnection.php(691): CodeIgniter\Database\MySQLi\Connection->execute('SELECT *\nFROM `...')
#2 C:\xampp\htdocs\erp\system\Database\BaseConnection.php(605): CodeIgniter\Database\BaseConnection->simpleQuery('SELECT *\nFROM `...')
#3 C:\xampp\htdocs\erp\system\Database\BaseBuilder.php(1616): CodeIgniter\Database\BaseConnection->query('SELECT *\nFROM `...', Array, false)
#4 C:\xampp\htdocs\erp\system\Model.php(241): CodeIgniter\Database\BaseBuilder->get()
#5 C:\xampp\htdocs\erp\system\BaseModel.php(618): CodeIgniter\Model->doFindAll(0, 0)
#6 C:\xampp\htdocs\erp\app\Models\MercadoriaRepository.php(32): CodeIgniter\BaseModel->findAll()
#7 C:\xampp\htdocs\erp\app\Views\dashboard.php(117): App\Models\MercadoriaRepository->listarMercadoria()
#8 C:\xampp\htdocs\erp\system\View\View.php(213): include('C:\\xampp\\htdocs...')
#9 C:\xampp\htdocs\erp\system\View\View.php(216): CodeIgniter\View\View->CodeIgniter\View\{closure}()
#10 C:\xampp\htdocs\erp\system\Common.php(1184): CodeIgniter\View\View->render('dashboard', Array, true)
#11 C:\xampp\htdocs\erp\app\Controllers\DashboardController.php(11): view('dashboard')
#12 C:\xampp\htdocs\erp\system\CodeIgniter.php(934): App\Controllers\DashboardController->index()
#13 C:\xampp\htdocs\erp\system\CodeIgniter.php(499): CodeIgniter\CodeIgniter->runController(Object(App\Controllers\DashboardController))
#14 C:\xampp\htdocs\erp\system\CodeIgniter.php(368): CodeIgniter\CodeIgniter->handleRequest(NULL, Object(Config\Cache), false)
#15 C:\xampp\htdocs\erp\public\index.php(67): CodeIgniter\CodeIgniter->run()
#16 C:\xampp\htdocs\erp\system\Commands\Server\rewrite.php(47): require_once('C:\\xampp\\htdocs...')
#17 {main}
CRITICAL - 2023-08-11 17:20:49 --> Table 'prod.mercadoria' doesn't exist
in SYSTEMPATH\Database\BaseConnection.php on line 645.
 1 SYSTEMPATH\Database\BaseBuilder.php(1616): CodeIgniter\Database\BaseConnection->query('SELECT *
FROM `mercadoria`', [], false)
 2 SYSTEMPATH\Model.php(241): CodeIgniter\Database\BaseBuilder->get()
 3 SYSTEMPATH\BaseModel.php(618): CodeIgniter\Model->doFindAll(0, 0)
 4 APPPATH\Models\MercadoriaRepository.php(32): CodeIgniter\BaseModel->findAll()
 5 APPPATH\Views\dashboard.php(117): App\Models\MercadoriaRepository->listarMercadoria()
 6 SYSTEMPATH\View\View.php(213): include('APPPATH\\Views\\dashboard.php')
 7 SYSTEMPATH\View\View.php(216): CodeIgniter\View\View->CodeIgniter\View\{closure}()
 8 SYSTEMPATH\Common.php(1184): CodeIgniter\View\View->render('dashboard', [], true)
 9 APPPATH\Controllers\DashboardController.php(11): view('dashboard')
10 SYSTEMPATH\CodeIgniter.php(934): App\Controllers\DashboardController->index()
11 SYSTEMPATH\CodeIgniter.php(499): CodeIgniter\CodeIgniter->runController(Object(App\Controllers\DashboardController))
12 SYSTEMPATH\CodeIgniter.php(368): CodeIgniter\CodeIgniter->handleRequest(null, Object(Config\Cache), false)
13 FCPATH\index.php(67): CodeIgniter\CodeIgniter->run()
14 SYSTEMPATH\Commands\Server\rewrite.php(47): require_once('FCPATH\\index.php')
ERROR - 2023-08-11 17:21:16 --> mysqli_sql_exception: Table 'prod.cliente' doesn't exist in C:\xampp\htdocs\erp\system\Database\MySQLi\Connection.php:295
Stack trace:
#0 C:\xampp\htdocs\erp\system\Database\MySQLi\Connection.php(295): mysqli->query('SELECT *\nFROM `...', 0)
#1 C:\xampp\htdocs\erp\system\Database\BaseConnection.php(691): CodeIgniter\Database\MySQLi\Connection->execute('SELECT *\nFROM `...')
#2 C:\xampp\htdocs\erp\system\Database\BaseConnection.php(605): CodeIgniter\Database\BaseConnection->simpleQuery('SELECT *\nFROM `...')
#3 C:\xampp\htdocs\erp\system\Database\BaseBuilder.php(1616): CodeIgniter\Database\BaseConnection->query('SELECT *\nFROM `...', Array, false)
#4 C:\xampp\htdocs\erp\system\Model.php(241): CodeIgniter\Database\BaseBuilder->get()
#5 C:\xampp\htdocs\erp\system\BaseModel.php(618): CodeIgniter\Model->doFindAll(0, 0)
#6 C:\xampp\htdocs\erp\app\Models\ClienteRepository.php(30): CodeIgniter\BaseModel->findAll()
#7 C:\xampp\htdocs\erp\app\Views\dashboard.php(238): App\Models\ClienteRepository->listarCliente()
#8 C:\xampp\htdocs\erp\system\View\View.php(213): include('C:\\xampp\\htdocs...')
#9 C:\xampp\htdocs\erp\system\View\View.php(216): CodeIgniter\View\View->CodeIgniter\View\{closure}()
#10 C:\xampp\htdocs\erp\system\Common.php(1184): CodeIgniter\View\View->render('dashboard', Array, true)
#11 C:\xampp\htdocs\erp\app\Controllers\DashboardController.php(11): view('dashboard')
#12 C:\xampp\htdocs\erp\system\CodeIgniter.php(934): App\Controllers\DashboardController->index()
#13 C:\xampp\htdocs\erp\system\CodeIgniter.php(499): CodeIgniter\CodeIgniter->runController(Object(App\Controllers\DashboardController))
#14 C:\xampp\htdocs\erp\system\CodeIgniter.php(368): CodeIgniter\CodeIgniter->handleRequest(NULL, Object(Config\Cache), false)
#15 C:\xampp\htdocs\erp\public\index.php(67): CodeIgniter\CodeIgniter->run()
#16 C:\xampp\htdocs\erp\system\Commands\Server\rewrite.php(47): require_once('C:\\xampp\\htdocs...')
#17 {main}
CRITICAL - 2023-08-11 17:21:16 --> Table 'prod.cliente' doesn't exist
in SYSTEMPATH\Database\BaseConnection.php on line 645.
 1 SYSTEMPATH\Database\BaseBuilder.php(1616): CodeIgniter\Database\BaseConnection->query('SELECT *
FROM `cliente`', [], false)
 2 SYSTEMPATH\Model.php(241): CodeIgniter\Database\BaseBuilder->get()
 3 SYSTEMPATH\BaseModel.php(618): CodeIgniter\Model->doFindAll(0, 0)
 4 APPPATH\Models\ClienteRepository.php(30): CodeIgniter\BaseModel->findAll()
 5 APPPATH\Views\dashboard.php(238): App\Models\ClienteRepository->listarCliente()
 6 SYSTEMPATH\View\View.php(213): include('APPPATH\\Views\\dashboard.php')
 7 SYSTEMPATH\View\View.php(216): CodeIgniter\View\View->CodeIgniter\View\{closure}()
 8 SYSTEMPATH\Common.php(1184): CodeIgniter\View\View->render('dashboard', [], true)
 9 APPPATH\Controllers\DashboardController.php(11): view('dashboard')
10 SYSTEMPATH\CodeIgniter.php(934): App\Controllers\DashboardController->index()
11 SYSTEMPATH\CodeIgniter.php(499): CodeIgniter\CodeIgniter->runController(Object(App\Controllers\DashboardController))
12 SYSTEMPATH\CodeIgniter.php(368): CodeIgniter\CodeIgniter->handleRequest(null, Object(Config\Cache), false)
13 FCPATH\index.php(67): CodeIgniter\CodeIgniter->run()
14 SYSTEMPATH\Commands\Server\rewrite.php(47): require_once('FCPATH\\index.php')
ERROR - 2023-08-11 17:21:17 --> mysqli_sql_exception: Table 'prod.cliente' doesn't exist in C:\xampp\htdocs\erp\system\Database\MySQLi\Connection.php:295
Stack trace:
#0 C:\xampp\htdocs\erp\system\Database\MySQLi\Connection.php(295): mysqli->query('SELECT *\nFROM `...', 0)
#1 C:\xampp\htdocs\erp\system\Database\BaseConnection.php(691): CodeIgniter\Database\MySQLi\Connection->execute('SELECT *\nFROM `...')
#2 C:\xampp\htdocs\erp\system\Database\BaseConnection.php(605): CodeIgniter\Database\BaseConnection->simpleQuery('SELECT *\nFROM `...')
#3 C:\xampp\htdocs\erp\system\Database\BaseBuilder.php(1616): CodeIgniter\Database\BaseConnection->query('SELECT *\nFROM `...', Array, false)
#4 C:\xampp\htdocs\erp\system\Model.php(241): CodeIgniter\Database\BaseBuilder->get()
#5 C:\xampp\htdocs\erp\system\BaseModel.php(618): CodeIgniter\Model->doFindAll(0, 0)
#6 C:\xampp\htdocs\erp\app\Models\ClienteRepository.php(30): CodeIgniter\BaseModel->findAll()
#7 C:\xampp\htdocs\erp\app\Views\dashboard.php(238): App\Models\ClienteRepository->listarCliente()
#8 C:\xampp\htdocs\erp\system\View\View.php(213): include('C:\\xampp\\htdocs...')
#9 C:\xampp\htdocs\erp\system\View\View.php(216): CodeIgniter\View\View->CodeIgniter\View\{closure}()
#10 C:\xampp\htdocs\erp\system\Common.php(1184): CodeIgniter\View\View->render('dashboard', Array, true)
#11 C:\xampp\htdocs\erp\app\Controllers\DashboardController.php(11): view('dashboard')
#12 C:\xampp\htdocs\erp\system\CodeIgniter.php(934): App\Controllers\DashboardController->index()
#13 C:\xampp\htdocs\erp\system\CodeIgniter.php(499): CodeIgniter\CodeIgniter->runController(Object(App\Controllers\DashboardController))
#14 C:\xampp\htdocs\erp\system\CodeIgniter.php(368): CodeIgniter\CodeIgniter->handleRequest(NULL, Object(Config\Cache), false)
#15 C:\xampp\htdocs\erp\public\index.php(67): CodeIgniter\CodeIgniter->run()
#16 C:\xampp\htdocs\erp\system\Commands\Server\rewrite.php(47): require_once('C:\\xampp\\htdocs...')
#17 {main}
CRITICAL - 2023-08-11 17:21:17 --> Table 'prod.cliente' doesn't exist
in SYSTEMPATH\Database\BaseConnection.php on line 645.
 1 SYSTEMPATH\Database\BaseBuilder.php(1616): CodeIgniter\Database\BaseConnection->query('SELECT *
FROM `cliente`', [], false)
 2 SYSTEMPATH\Model.php(241): CodeIgniter\Database\BaseBuilder->get()
 3 SYSTEMPATH\BaseModel.php(618): CodeIgniter\Model->doFindAll(0, 0)
 4 APPPATH\Models\ClienteRepository.php(30): CodeIgniter\BaseModel->findAll()
 5 APPPATH\Views\dashboard.php(238): App\Models\ClienteRepository->listarCliente()
 6 SYSTEMPATH\View\View.php(213): include('APPPATH\\Views\\dashboard.php')
 7 SYSTEMPATH\View\View.php(216): CodeIgniter\View\View->CodeIgniter\View\{closure}()
 8 SYSTEMPATH\Common.php(1184): CodeIgniter\View\View->render('dashboard', [], true)
 9 APPPATH\Controllers\DashboardController.php(11): view('dashboard')
10 SYSTEMPATH\CodeIgniter.php(934): App\Controllers\DashboardController->index()
11 SYSTEMPATH\CodeIgniter.php(499): CodeIgniter\CodeIgniter->runController(Object(App\Controllers\DashboardController))
12 SYSTEMPATH\CodeIgniter.php(368): CodeIgniter\CodeIgniter->handleRequest(null, Object(Config\Cache), false)
13 FCPATH\index.php(67): CodeIgniter\CodeIgniter->run()
14 SYSTEMPATH\Commands\Server\rewrite.php(47): require_once('FCPATH\\index.php')
ERROR - 2023-08-11 18:56:04 --> mysqli_sql_exception: Unknown column 'desc' in 'field list' in C:\xampp\htdocs\erp\system\Database\MySQLi\Connection.php:295
Stack trace:
#0 C:\xampp\htdocs\erp\system\Database\MySQLi\Connection.php(295): mysqli->query('INSERT INTO `me...', 0)
#1 C:\xampp\htdocs\erp\system\Database\BaseConnection.php(691): CodeIgniter\Database\MySQLi\Connection->execute('INSERT INTO `me...')
#2 C:\xampp\htdocs\erp\system\Database\BaseConnection.php(605): CodeIgniter\Database\BaseConnection->simpleQuery('INSERT INTO `me...')
#3 C:\xampp\htdocs\erp\system\Database\BaseBuilder.php(2309): CodeIgniter\Database\BaseConnection->query('INSERT INTO `me...', Array, false)
#4 C:\xampp\htdocs\erp\system\Model.php(330): CodeIgniter\Database\BaseBuilder->insert()
#5 C:\xampp\htdocs\erp\system\BaseModel.php(782): CodeIgniter\Model->doInsert(Array)
#6 C:\xampp\htdocs\erp\system\Model.php(730): CodeIgniter\BaseModel->insert(Array, true)
#7 C:\xampp\htdocs\erp\app\Models\MercadoriaRepository.php(28): CodeIgniter\Model->insert(Array)
#8 C:\xampp\htdocs\erp\app\Controllers\MercadoriaController.php(34): App\Models\MercadoriaRepository->InsertMercadoria(Object(App\Models\entities\Mercadoria))
#9 C:\xampp\htdocs\erp\system\CodeIgniter.php(934): App\Controllers\MercadoriaController->cadastrarMercadoria()
#10 C:\xampp\htdocs\erp\system\CodeIgniter.php(499): CodeIgniter\CodeIgniter->runController(Object(App\Controllers\MercadoriaController))
#11 C:\xampp\htdocs\erp\system\CodeIgniter.php(368): CodeIgniter\CodeIgniter->handleRequest(NULL, Object(Config\Cache), false)
#12 C:\xampp\htdocs\erp\public\index.php(67): CodeIgniter\CodeIgniter->run()
#13 C:\xampp\htdocs\erp\system\Commands\Server\rewrite.php(47): require_once('C:\\xampp\\htdocs...')
#14 {main}
CRITICAL - 2023-08-11 18:56:04 --> Unknown column 'desc' in 'field list'
in SYSTEMPATH\Database\BaseConnection.php on line 645.
 1 SYSTEMPATH\Database\BaseBuilder.php(2309): CodeIgniter\Database\BaseConnection->query('INSERT INTO `mercadoria` (`desc`, `valor`, `saldo`) VALUES (:desc:, :valor:, :saldo:)', [...], false)
 2 SYSTEMPATH\Model.php(330): CodeIgniter\Database\BaseBuilder->insert()
 3 SYSTEMPATH\BaseModel.php(782): CodeIgniter\Model->doInsert([...])
 4 SYSTEMPATH\Model.php(730): CodeIgniter\BaseModel->insert([...], true)
 5 APPPATH\Models\MercadoriaRepository.php(28): CodeIgniter\Model->insert([...])
 6 APPPATH\Controllers\MercadoriaController.php(34): App\Models\MercadoriaRepository->InsertMercadoria(Object(App\Models\entities\Mercadoria))
 7 SYSTEMPATH\CodeIgniter.php(934): App\Controllers\MercadoriaController->cadastrarMercadoria()
 8 SYSTEMPATH\CodeIgniter.php(499): CodeIgniter\CodeIgniter->runController(Object(App\Controllers\MercadoriaController))
 9 SYSTEMPATH\CodeIgniter.php(368): CodeIgniter\CodeIgniter->handleRequest(null, Object(Config\Cache), false)
10 FCPATH\index.php(67): CodeIgniter\CodeIgniter->run()
11 SYSTEMPATH\Commands\Server\rewrite.php(47): require_once('FCPATH\\index.php')
ERROR - 2023-08-11 18:56:30 --> mysqli_sql_exception: Unknown column 'desc' in 'field list' in C:\xampp\htdocs\erp\system\Database\MySQLi\Connection.php:295
Stack trace:
#0 C:\xampp\htdocs\erp\system\Database\MySQLi\Connection.php(295): mysqli->query('INSERT INTO `me...', 0)
#1 C:\xampp\htdocs\erp\system\Database\BaseConnection.php(691): CodeIgniter\Database\MySQLi\Connection->execute('INSERT INTO `me...')
#2 C:\xampp\htdocs\erp\system\Database\BaseConnection.php(605): CodeIgniter\Database\BaseConnection->simpleQuery('INSERT INTO `me...')
#3 C:\xampp\htdocs\erp\system\Database\BaseBuilder.php(2309): CodeIgniter\Database\BaseConnection->query('INSERT INTO `me...', Array, false)
#4 C:\xampp\htdocs\erp\system\Model.php(330): CodeIgniter\Database\BaseBuilder->insert()
#5 C:\xampp\htdocs\erp\system\BaseModel.php(782): CodeIgniter\Model->doInsert(Array)
#6 C:\xampp\htdocs\erp\system\Model.php(730): CodeIgniter\BaseModel->insert(Array, true)
#7 C:\xampp\htdocs\erp\app\Models\MercadoriaRepository.php(28): CodeIgniter\Model->insert(Array)
#8 C:\xampp\htdocs\erp\app\Controllers\MercadoriaController.php(34): App\Models\MercadoriaRepository->InsertMercadoria(Object(App\Models\entities\Mercadoria))
#9 C:\xampp\htdocs\erp\system\CodeIgniter.php(934): App\Controllers\MercadoriaController->cadastrarMercadoria()
#10 C:\xampp\htdocs\erp\system\CodeIgniter.php(499): CodeIgniter\CodeIgniter->runController(Object(App\Controllers\MercadoriaController))
#11 C:\xampp\htdocs\erp\system\CodeIgniter.php(368): CodeIgniter\CodeIgniter->handleRequest(NULL, Object(Config\Cache), false)
#12 C:\xampp\htdocs\erp\public\index.php(67): CodeIgniter\CodeIgniter->run()
#13 C:\xampp\htdocs\erp\system\Commands\Server\rewrite.php(47): require_once('C:\\xampp\\htdocs...')
#14 {main}
CRITICAL - 2023-08-11 18:56:30 --> Unknown column 'desc' in 'field list'
in SYSTEMPATH\Database\BaseConnection.php on line 645.
 1 SYSTEMPATH\Database\BaseBuilder.php(2309): CodeIgniter\Database\BaseConnection->query('INSERT INTO `mercadoria` (`desc`, `valor`, `saldo`) VALUES (:desc:, :valor:, :saldo:)', [...], false)
 2 SYSTEMPATH\Model.php(330): CodeIgniter\Database\BaseBuilder->insert()
 3 SYSTEMPATH\BaseModel.php(782): CodeIgniter\Model->doInsert([...])
 4 SYSTEMPATH\Model.php(730): CodeIgniter\BaseModel->insert([...], true)
 5 APPPATH\Models\MercadoriaRepository.php(28): CodeIgniter\Model->insert([...])
 6 APPPATH\Controllers\MercadoriaController.php(34): App\Models\MercadoriaRepository->InsertMercadoria(Object(App\Models\entities\Mercadoria))
 7 SYSTEMPATH\CodeIgniter.php(934): App\Controllers\MercadoriaController->cadastrarMercadoria()
 8 SYSTEMPATH\CodeIgniter.php(499): CodeIgniter\CodeIgniter->runController(Object(App\Controllers\MercadoriaController))
 9 SYSTEMPATH\CodeIgniter.php(368): CodeIgniter\CodeIgniter->handleRequest(null, Object(Config\Cache), false)
10 FCPATH\index.php(67): CodeIgniter\CodeIgniter->run()
11 SYSTEMPATH\Commands\Server\rewrite.php(47): require_once('FCPATH\\index.php')
ERROR - 2023-08-11 18:56:36 --> mysqli_sql_exception: Unknown column 'desc' in 'field list' in C:\xampp\htdocs\erp\system\Database\MySQLi\Connection.php:295
Stack trace:
#0 C:\xampp\htdocs\erp\system\Database\MySQLi\Connection.php(295): mysqli->query('INSERT INTO `me...', 0)
#1 C:\xampp\htdocs\erp\system\Database\BaseConnection.php(691): CodeIgniter\Database\MySQLi\Connection->execute('INSERT INTO `me...')
#2 C:\xampp\htdocs\erp\system\Database\BaseConnection.php(605): CodeIgniter\Database\BaseConnection->simpleQuery('INSERT INTO `me...')
#3 C:\xampp\htdocs\erp\system\Database\BaseBuilder.php(2309): CodeIgniter\Database\BaseConnection->query('INSERT INTO `me...', Array, false)
#4 C:\xampp\htdocs\erp\system\Model.php(330): CodeIgniter\Database\BaseBuilder->insert()
#5 C:\xampp\htdocs\erp\system\BaseModel.php(782): CodeIgniter\Model->doInsert(Array)
#6 C:\xampp\htdocs\erp\system\Model.php(730): CodeIgniter\BaseModel->insert(Array, true)
#7 C:\xampp\htdocs\erp\app\Models\MercadoriaRepository.php(28): CodeIgniter\Model->insert(Array)
#8 C:\xampp\htdocs\erp\app\Controllers\MercadoriaController.php(34): App\Models\MercadoriaRepository->InsertMercadoria(Object(App\Models\entities\Mercadoria))
#9 C:\xampp\htdocs\erp\system\CodeIgniter.php(934): App\Controllers\MercadoriaController->cadastrarMercadoria()
#10 C:\xampp\htdocs\erp\system\CodeIgniter.php(499): CodeIgniter\CodeIgniter->runController(Object(App\Controllers\MercadoriaController))
#11 C:\xampp\htdocs\erp\system\CodeIgniter.php(368): CodeIgniter\CodeIgniter->handleRequest(NULL, Object(Config\Cache), false)
#12 C:\xampp\htdocs\erp\public\index.php(67): CodeIgniter\CodeIgniter->run()
#13 C:\xampp\htdocs\erp\system\Commands\Server\rewrite.php(47): require_once('C:\\xampp\\htdocs...')
#14 {main}
CRITICAL - 2023-08-11 18:56:36 --> Unknown column 'desc' in 'field list'
in SYSTEMPATH\Database\BaseConnection.php on line 645.
 1 SYSTEMPATH\Database\BaseBuilder.php(2309): CodeIgniter\Database\BaseConnection->query('INSERT INTO `mercadoria` (`desc`, `valor`, `saldo`) VALUES (:desc:, :valor:, :saldo:)', [...], false)
 2 SYSTEMPATH\Model.php(330): CodeIgniter\Database\BaseBuilder->insert()
 3 SYSTEMPATH\BaseModel.php(782): CodeIgniter\Model->doInsert([...])
 4 SYSTEMPATH\Model.php(730): CodeIgniter\BaseModel->insert([...], true)
 5 APPPATH\Models\MercadoriaRepository.php(28): CodeIgniter\Model->insert([...])
 6 APPPATH\Controllers\MercadoriaController.php(34): App\Models\MercadoriaRepository->InsertMercadoria(Object(App\Models\entities\Mercadoria))
 7 SYSTEMPATH\CodeIgniter.php(934): App\Controllers\MercadoriaController->cadastrarMercadoria()
 8 SYSTEMPATH\CodeIgniter.php(499): CodeIgniter\CodeIgniter->runController(Object(App\Controllers\MercadoriaController))
 9 SYSTEMPATH\CodeIgniter.php(368): CodeIgniter\CodeIgniter->handleRequest(null, Object(Config\Cache), false)
10 FCPATH\index.php(67): CodeIgniter\CodeIgniter->run()
11 SYSTEMPATH\Commands\Server\rewrite.php(47): require_once('FCPATH\\index.php')
