ERROR - 2023-08-16 13:05:48 --> Error connecting to the database: mysqli_sql_exception: Nenhuma conexão pôde ser feita porque a máquina de destino as recusou ativamente.
 in C:\xampp\htdocs\erp\erp\system\Database\MySQLi\Connection.php:174
Stack trace:
#0 C:\xampp\htdocs\erp\erp\system\Database\MySQLi\Connection.php(174): mysqli->real_connect('127.0.0.1', 'root', '', 'prod', 3306, '', 0)
#1 C:\xampp\htdocs\erp\erp\system\Database\BaseConnection.php(391): CodeIgniter\Database\MySQLi\Connection->connect(false)
#2 C:\xampp\htdocs\erp\erp\system\Database\BaseConnection.php(573): CodeIgniter\Database\BaseConnection->initialize()
#3 C:\xampp\htdocs\erp\erp\system\Database\BaseBuilder.php(1616): CodeIgniter\Database\BaseConnection->query('SELECT *\nFROM `...', Array, false)
#4 C:\xampp\htdocs\erp\erp\system\Model.php(268): CodeIgniter\Database\BaseBuilder->get()
#5 C:\xampp\htdocs\erp\erp\system\BaseModel.php(656): CodeIgniter\Model->doFirst()
#6 C:\xampp\htdocs\erp\erp\app\Models\usuariosRepository.php(27): CodeIgniter\BaseModel->first()
#7 C:\xampp\htdocs\erp\erp\app\Controllers\UsuarioController.php(24): App\Models\usuariosRepository->selectUsuario(Object(App\Models\entities\Usuario))
#8 C:\xampp\htdocs\erp\erp\system\CodeIgniter.php(934): App\Controllers\UsuarioController->logar()
#9 C:\xampp\htdocs\erp\erp\system\CodeIgniter.php(499): CodeIgniter\CodeIgniter->runController(Object(App\Controllers\UsuarioController))
#10 C:\xampp\htdocs\erp\erp\system\CodeIgniter.php(368): CodeIgniter\CodeIgniter->handleRequest(NULL, Object(Config\Cache), false)
#11 C:\xampp\htdocs\erp\erp\public\index.php(67): CodeIgniter\CodeIgniter->run()
#12 C:\xampp\htdocs\erp\erp\system\Commands\Server\rewrite.php(47): require_once('C:\\xampp\\htdocs...')
#13 {main}

Next CodeIgniter\Database\Exceptions\DatabaseException: Nenhuma conexão pôde ser feita porque a máquina de destino as recusou ativamente.
 in C:\xampp\htdocs\erp\erp\system\Database\MySQLi\Connection.php:218
Stack trace:
#0 C:\xampp\htdocs\erp\erp\system\Database\BaseConnection.php(391): CodeIgniter\Database\MySQLi\Connection->connect(false)
#1 C:\xampp\htdocs\erp\erp\system\Database\BaseConnection.php(573): CodeIgniter\Database\BaseConnection->initialize()
#2 C:\xampp\htdocs\erp\erp\system\Database\BaseBuilder.php(1616): CodeIgniter\Database\BaseConnection->query('SELECT *\nFROM `...', Array, false)
#3 C:\xampp\htdocs\erp\erp\system\Model.php(268): CodeIgniter\Database\BaseBuilder->get()
#4 C:\xampp\htdocs\erp\erp\system\BaseModel.php(656): CodeIgniter\Model->doFirst()
#5 C:\xampp\htdocs\erp\erp\app\Models\usuariosRepository.php(27): CodeIgniter\BaseModel->first()
#6 C:\xampp\htdocs\erp\erp\app\Controllers\UsuarioController.php(24): App\Models\usuariosRepository->selectUsuario(Object(App\Models\entities\Usuario))
#7 C:\xampp\htdocs\erp\erp\system\CodeIgniter.php(934): App\Controllers\UsuarioController->logar()
#8 C:\xampp\htdocs\erp\erp\system\CodeIgniter.php(499): CodeIgniter\CodeIgniter->runController(Object(App\Controllers\UsuarioController))
#9 C:\xampp\htdocs\erp\erp\system\CodeIgniter.php(368): CodeIgniter\CodeIgniter->handleRequest(NULL, Object(Config\Cache), false)
#10 C:\xampp\htdocs\erp\erp\public\index.php(67): CodeIgniter\CodeIgniter->run()
#11 C:\xampp\htdocs\erp\erp\system\Commands\Server\rewrite.php(47): require_once('C:\\xampp\\htdocs...')
#12 {main}
CRITICAL - 2023-08-16 13:05:48 --> Unable to connect to the database.
Main connection [MySQLi]: Nenhuma conexão pôde ser feita porque a máquina de destino as recusou ativamente.

in SYSTEMPATH\Database\BaseConnection.php on line 427.
 1 SYSTEMPATH\Database\BaseConnection.php(573): CodeIgniter\Database\BaseConnection->initialize()
 2 SYSTEMPATH\Database\BaseBuilder.php(1616): CodeIgniter\Database\BaseConnection->query('SELECT *
FROM `login`
WHERE `email` = :email:
AND `senha` = :senha:
 LIMIT 1', [...], false)
 3 SYSTEMPATH\Model.php(268): CodeIgniter\Database\BaseBuilder->get()
 4 SYSTEMPATH\BaseModel.php(656): CodeIgniter\Model->doFirst()
 5 APPPATH\Models\usuariosRepository.php(27): CodeIgniter\BaseModel->first()
 6 APPPATH\Controllers\UsuarioController.php(24): App\Models\usuariosRepository->selectUsuario(Object(App\Models\entities\Usuario))
 7 SYSTEMPATH\CodeIgniter.php(934): App\Controllers\UsuarioController->logar()
 8 SYSTEMPATH\CodeIgniter.php(499): CodeIgniter\CodeIgniter->runController(Object(App\Controllers\UsuarioController))
 9 SYSTEMPATH\CodeIgniter.php(368): CodeIgniter\CodeIgniter->handleRequest(null, Object(Config\Cache), false)
10 FCPATH\index.php(67): CodeIgniter\CodeIgniter->run()
11 SYSTEMPATH\Commands\Server\rewrite.php(47): require_once('FCPATH\\index.php')
